f:\program files\visual studio2013\vs2013\myproject\complier\parser\debug\parser.bsc
f:\program files\visual studio2013\vs2013\myproject\complier\parser\parser\debug\vc120.pdb
f:\program files\visual studio2013\vs2013\myproject\complier\parser\parser\debug\vc120.idb
f:\program files\visual studio2013\vs2013\myproject\complier\parser\parser\debug\table.sbr
f:\program files\visual studio2013\vs2013\myproject\complier\parser\parser\debug\parser.sbr
f:\program files\visual studio2013\vs2013\myproject\complier\parser\parser\debug\optimization.sbr
f:\program files\visual studio2013\vs2013\myproject\complier\parser\parser\debug\mips.sbr
f:\program files\visual studio2013\vs2013\myproject\complier\parser\parser\debug\midcode.sbr
f:\program files\visual studio2013\vs2013\myproject\complier\parser\parser\debug\main.sbr
f:\program files\visual studio2013\vs2013\myproject\complier\parser\parser\debug\lexer.sbr
f:\program files\visual studio2013\vs2013\myproject\complier\parser\parser\debug\global.sbr
f:\program files\visual studio2013\vs2013\myproject\complier\parser\parser\debug\gencode.sbr
f:\program files\visual studio2013\vs2013\myproject\complier\parser\parser\debug\finalcode.sbr
f:\program files\visual studio2013\vs2013\myproject\complier\parser\parser\debug\error.sbr
f:\program files\visual studio2013\vs2013\myproject\complier\parser\parser\debug\error.obj
f:\program files\visual studio2013\vs2013\myproject\complier\parser\parser\debug\finalcode.obj
f:\program files\visual studio2013\vs2013\myproject\complier\parser\parser\debug\gencode.obj
f:\program files\visual studio2013\vs2013\myproject\complier\parser\parser\debug\global.obj
f:\program files\visual studio2013\vs2013\myproject\complier\parser\parser\debug\lexer.obj
f:\program files\visual studio2013\vs2013\myproject\complier\parser\parser\debug\main.obj
f:\program files\visual studio2013\vs2013\myproject\complier\parser\parser\debug\midcode.obj
f:\program files\visual studio2013\vs2013\myproject\complier\parser\parser\debug\mips.obj
f:\program files\visual studio2013\vs2013\myproject\complier\parser\parser\debug\optimization.obj
f:\program files\visual studio2013\vs2013\myproject\complier\parser\parser\debug\parser.obj
f:\program files\visual studio2013\vs2013\myproject\complier\parser\parser\debug\table.obj
f:\program files\visual studio2013\vs2013\myproject\complier\parser\debug\parser.ilk
f:\program files\visual studio2013\vs2013\myproject\complier\parser\debug\parser.exe
f:\program files\visual studio2013\vs2013\myproject\complier\parser\debug\parser.pdb
f:\program files\visual studio2013\vs2013\myproject\complier\parser\parser\debug\parser.tlog\bscmake.command.1.tlog
f:\program files\visual studio2013\vs2013\myproject\complier\parser\parser\debug\parser.tlog\bscmake.read.1.tlog
f:\program files\visual studio2013\vs2013\myproject\complier\parser\parser\debug\parser.tlog\bscmake.write.1.tlog
f:\program files\visual studio2013\vs2013\myproject\complier\parser\parser\debug\parser.tlog\cl.command.1.tlog
f:\program files\visual studio2013\vs2013\myproject\complier\parser\parser\debug\parser.tlog\cl.read.1.tlog
f:\program files\visual studio2013\vs2013\myproject\complier\parser\parser\debug\parser.tlog\cl.write.1.tlog
f:\program files\visual studio2013\vs2013\myproject\complier\parser\parser\debug\parser.tlog\link.command.1.tlog
f:\program files\visual studio2013\vs2013\myproject\complier\parser\parser\debug\parser.tlog\link.read.1.tlog
f:\program files\visual studio2013\vs2013\myproject\complier\parser\parser\debug\parser.tlog\link.write.1.tlog
