G:\PPP\DEBUG\PPP.EXE
G:\PPP\DEBUG\PPP.ILK
G:\PPP\DEBUG\PPP.PDB
G:\ppp\ppp\Debug\cl.command.1.tlog
G:\ppp\ppp\Debug\CL.read.1.tlog
G:\ppp\ppp\Debug\CL.write.1.tlog
G:\PPP\PPP\DEBUG\ERROR.OBJ
G:\PPP\PPP\DEBUG\FINALCODE.OBJ
G:\PPP\PPP\DEBUG\GENCODE.OBJ
G:\PPP\PPP\DEBUG\GLOBAL.OBJ
G:\PPP\PPP\DEBUG\LEXER.OBJ
G:\ppp\ppp\Debug\link.command.1.tlog
G:\ppp\ppp\Debug\link.read.1.tlog
G:\ppp\ppp\Debug\link.write.1.tlog
G:\PPP\PPP\DEBUG\MAIN.OBJ
G:\PPP\PPP\DEBUG\MIDCODE.OBJ
G:\PPP\PPP\DEBUG\MIPS.OBJ
G:\ppp\ppp\Debug\mt.command.1.tlog
G:\ppp\ppp\Debug\mt.read.1.tlog
G:\ppp\ppp\Debug\mt.write.1.tlog
G:\PPP\PPP\DEBUG\OPTIMIZATION.OBJ
G:\PPP\PPP\DEBUG\PARSER.OBJ
G:\PPP\PPP\DEBUG\PPP.EXE.INTERMEDIATE.MANIFEST
G:\PPP\PPP\DEBUG\TABLE.OBJ
G:\ppp\ppp\Debug\vc100.idb
G:\PPP\PPP\DEBUG\VC100.PDB
