生成启动时间为 2015/1/9 21:48:05。
     1>项目“G:\ppp\ppp\ppp.vcxproj”在节点 2 上(build 个目标)。
     1>InitializeBuildStatus:
         正在创建“Debug\ppp.unsuccessfulbuild”，因为已指定“AlwaysCreate”。
       ClCompile:
         C:\Program Files\Microsoft Visual Studio 10.0\VC\bin\CL.exe /c /ZI /nologo /W3 /WX- /Od /Oy- /D _MBCS /Gm /EHsc /RTC1 /MDd /GS /fp:precise /Zc:wchar_t /Zc:forScope /Fo"Debug\\" /Fd"Debug\vc100.pdb" /Gd /TP /analyze- /errorReport:prompt main.cpp
         main.cpp
       Link:
         C:\Program Files\Microsoft Visual Studio 10.0\VC\bin\link.exe /ERRORREPORT:PROMPT /OUT:"G:\ppp\Debug\ppp.exe" /NOLOGO kernel32.lib user32.lib gdi32.lib winspool.lib comdlg32.lib advapi32.lib shell32.lib ole32.lib oleaut32.lib uuid.lib odbc32.lib odbccp32.lib /MANIFEST /ManifestFile:"Debug\ppp.exe.intermediate.manifest" /MANIFESTUAC:"level='asInvoker' uiAccess='false'" /DEBUG /PDB:"G:\ppp\Debug\ppp.pdb" /TLBID:1 /DYNAMICBASE /NXCOMPAT /IMPLIB:"G:\ppp\Debug\ppp.lib" /MACHINE:X86 Debug\error.obj
         Debug\finalcode.obj
         Debug\gencode.obj
         Debug\global.obj
         Debug\lexer.obj
         Debug\main.obj
         Debug\midcode.obj
         Debug\mips.obj
         Debug\optimization.obj
         Debug\parser.obj
         Debug\table.obj
         LINK : 没有找到 G:\ppp\Debug\ppp.exe 或上一个增量链接没有生成它；正在执行完全链接
         ppp.vcxproj -> G:\ppp\Debug\ppp.exe
       Manifest:
         C:\Program Files\Microsoft SDKs\Windows\v7.0A\bin\mt.exe /nologo /verbose /outputresource:"G:\ppp\Debug\ppp.exe;#1" /manifest Debug\ppp.exe.intermediate.manifest
       FinalizeBuildStatus:
         正在删除文件“Debug\ppp.unsuccessfulbuild”。
         正在对“Debug\ppp.lastbuildstate”执行 Touch 任务。
     1>已完成生成项目“G:\ppp\ppp\ppp.vcxproj”(build 个目标)的操作。

生成成功。

已用时间 00:00:03.40
